app/build/outputs/logs/manifest-merger-debug-report.txt
-- Merging decision tree log ---
manifest
ADDED from src\main\AndroidManifest.xml:2:1-46:12
INJECTED from src\main\AndroidManifest.xml:2:1-46:12
INJECTED from src\main\AndroidManifest.xml:2:1-46:12
INJECTED from src\main\AndroidManifest.xml:2:1-46:12
MERGED from [com.android.support:cardview-v7:27.1.1] AndroidManifest.xml:17:1-22:12
MERGED from [com.patrickpissurno:ripple-effect:1.3.1] AndroidManifest.xml:2:1-14:12
MERGED from [com.amitshekhar.android:android-networking:1.0.2] AndroidManifest.xml:18:1-27:12
MERGED from [com.weiwangcn.betterspinner:library:1.1.0] AndroidManifest.xml:2:1-16:12
MERGED from [com.weiwangcn.betterspinner:library-material:1.1.0] AndroidManifest.xml:2:1-16:12
MERGED from [com.android.support:design:27.1.1] AndroidManifest.xml:17:1-22:12
MERGED from [com.stepstone.apprating:app-rating:2.3.0] AndroidManifest.xml:2:1-13:12
MERGED from [com.rengwuxian.materialedittext:library:2.0.3] AndroidManifest.xml:2:1-10:12
MERGED from [com.android.support:appcompat-v7:27.1.1] AndroidManifest.xml:17:1-22:12
MERGED from [com.android.support.constraint:constraint-layout:1.1.3] AndroidManifest.xml:2:1-11:12
MERGED from [com.jakewharton:butterknife:8.8.1] AndroidManifest.xml:2:1-7:12
MERGED from [com.android.support:recyclerview-v7:27.1.1] AndroidManifest.xml:17:1-22:12
MERGED from [com.android.support:transition:27.1.1] AndroidManifest.xml:17:1-22:12
MERGED from [com.android.support:support-v4:27.1.1] AndroidManifest.xml:17:1-22:12
MERGED from [com.android.support:support-media-compat:27.1.1] AndroidManifest.xml:17:1-22:12
MERGED from [com.android.support:support-fragment:27.1.1] AndroidManifest.xml:17:1-22:12
MERGED from [com.android.support:animated-vector-drawable:27.1.1] AndroidManifest.xml:17:1-22:12
MERGED from [com.android.support:support-core-ui:27.1.1] AndroidManifest.xml:17:1-22:12
MERGED from [com.android.support:support-core-utils:27.1.1] AndroidManifest.xml:17:1-22:12
MERGED from [com.android.support:support-vector-drawable:27.1.1] AndroidManifest.xml:17:1-22:12
MERGED from [com.android.support:support-compat:27.1.1] AndroidManifest.xml:17:1-22:12
MERGED from [android.arch.lifecycle:livedata-core:1.1.0] AndroidManifest.xml:17:1-22:12
MERGED from [android.arch.lifecycle:viewmodel:1.1.0] AndroidManifest.xml:17:1-22:12
MERGED from [android.arch.lifecycle:runtime:1.1.0] AndroidManifest.xml:17:1-22:12
MERGED from [android.arch.core:runtime:1.1.0] AndroidManifest.xml:17:1-22:12
INJECTED from src\main\AndroidManifest.xml:2:1-46:12
INJECTED from src\main\AndroidManifest.xml:2:1-46:12
INJECTED from src\main\AndroidManifest.xml:2:1-46:12
	package
		ADDED from src\main\AndroidManifest.xml:3:5-34
		INJECTED from src\main\AndroidManifest.xml
		INJECTED from src\main\AndroidManifest.xml
	android:versionName
		INJECTED from src\main\AndroidManifest.xml
		ADDED from src\main\AndroidManifest.xml:2:1-46:12
		INJECTED from src\main\AndroidManifest.xml
	android:versionCode
		INJECTED from src\main\AndroidManifest.xml
		ADDED from src\main\AndroidManifest.xml:2:1-46:12
		INJECTED from src\main\AndroidManifest.xml
	xmlns:android
		ADDED from src\main\AndroidManifest.xml:2:11-69
uses-permission#android.permission.INTERNET
ADDED from src\main\AndroidManifest.xml:4:5-67
	android:name
		ADDED from src\main\AndroidManifest.xml:4:22-64
application
ADDED from src\main\AndroidManifest.xml:6:5-44:19
MERGED from [com.patrickpissurno:ripple-effect:1.3.1] AndroidManifest.xml:12:5-20
MERGED from [com.patrickpissurno:ripple-effect:1.3.1] AndroidManifest.xml:12:5-20
MERGED from [com.weiwangcn.betterspinner:library:1.1.0] AndroidManifest.xml:11:5-14:19
MERGED from [com.weiwangcn.betterspinner:library:1.1.0] AndroidManifest.xml:11:5-14:19
MERGED from [com.weiwangcn.betterspinner:library-material:1.1.0] AndroidManifest.xml:11:5-14:19
MERGED from [com.weiwangcn.betterspinner:library-material:1.1.0] AndroidManifest.xml:11:5-14:19
MERGED from [com.stepstone.apprating:app-rating:2.3.0] AndroidManifest.xml:11:5-20
MERGED from [com.stepstone.apprating:app-rating:2.3.0] AndroidManifest.xml:11:5-20
MERGED from [com.android.support.constraint:constraint-layout:1.1.3] AndroidManifest.xml:9:5-20
MERGED from [com.android.support.constraint:constraint-layout:1.1.3] AndroidManifest.xml:9:5-20
	android:supportsRtl
		ADDED from src\main\AndroidManifest.xml:11:9-35
	android:label
		ADDED from src\main\AndroidManifest.xml:9:9-41
	android:roundIcon
		ADDED from src\main\AndroidManifest.xml:10:9-54
	android:icon
		ADDED from src\main\AndroidManifest.xml:8:9-43
	android:allowBackup
		ADDED from src\main\AndroidManifest.xml:7:9-35
	android:theme
		ADDED from src\main\AndroidManifest.xml:12:9-40
activity#e.twfan.sistempakar.LoginActivity
ADDED from src\main\AndroidManifest.xml:13:9-21:20
	android:screenOrientation
		ADDED from src\main\AndroidManifest.xml:15:13-49
	android:configChanges
		ADDED from src\main\AndroidManifest.xml:14:13-48
	android:name
		ADDED from src\main\AndroidManifest.xml:13:19-48
intent-filter#android.intent.action.MAIN+android.intent.category.LAUNCHER
ADDED from src\main\AndroidManifest.xml:16:13-20:29
action#android.intent.action.MAIN
ADDED from src\main\AndroidManifest.xml:17:17-69
	android:name
		ADDED from src\main\AndroidManifest.xml:17:25-66
category#android.intent.category.LAUNCHER
ADDED from src\main\AndroidManifest.xml:19:17-77
	android:name
		ADDED from src\main\AndroidManifest.xml:19:27-74
activity#e.twfan.sistempakar.ChooseActivity
ADDED from src\main\AndroidManifest.xml:22:9-24:52
	android:screenOrientation
		ADDED from src\main\AndroidManifest.xml:24:13-49
	android:configChanges
		ADDED from src\main\AndroidManifest.xml:23:13-48
	android:name
		ADDED from src\main\AndroidManifest.xml:22:19-49
activity#e.twfan.sistempakar.Question1Activity
ADDED from src\main\AndroidManifest.xml:25:9-27:51
	android:screenOrientation
		ADDED from src\main\AndroidManifest.xml:27:13-49
	android:configChanges
		ADDED from src\main\AndroidManifest.xml:26:13-48
	android:name
		ADDED from src\main\AndroidManifest.xml:25:19-52
activity#e.twfan.sistempakar.Question2Activity
ADDED from src\main\AndroidManifest.xml:28:9-30:51
	android:screenOrientation
		ADDED from src\main\AndroidManifest.xml:30:13-49
	android:configChanges
		ADDED from src\main\AndroidManifest.xml:29:13-48
	android:name
		ADDED from src\main\AndroidManifest.xml:28:19-52
activity#e.twfan.sistempakar.Question3Activity
ADDED from src\main\AndroidManifest.xml:31:9-33:51
	android:screenOrientation
		ADDED from src\main\AndroidManifest.xml:33:13-49
	android:configChanges
		ADDED from src\main\AndroidManifest.xml:32:13-48
	android:name
		ADDED from src\main\AndroidManifest.xml:31:19-52
activity#e.twfan.sistempakar.Question4Activity
ADDED from src\main\AndroidManifest.xml:34:9-36:51
	android:screenOrientation
		ADDED from src\main\AndroidManifest.xml:36:13-49
	android:configChanges
		ADDED from src\main\AndroidManifest.xml:35:13-48
	android:name
		ADDED from src\main\AndroidManifest.xml:34:19-52
activity#e.twfan.sistempakar.Question5Activity
ADDED from src\main\AndroidManifest.xml:37:9-39:51
	android:screenOrientation
		ADDED from src\main\AndroidManifest.xml:39:13-49
	android:configChanges
		ADDED from src\main\AndroidManifest.xml:38:13-48
	android:name
		ADDED from src\main\AndroidManifest.xml:37:19-52
activity#e.twfan.sistempakar.ResultActivity
ADDED from src\main\AndroidManifest.xml:40:9-43:20
	android:screenOrientation
		ADDED from src\main\AndroidManifest.xml:42:13-49
	android:configChanges
		ADDED from src\main\AndroidManifest.xml:41:13-48
	android:name
		ADDED from src\main\AndroidManifest.xml:40:19-49
uses-sdk
INJECTED from src\main\AndroidManifest.xml reason: use-sdk injection requested
INJECTED from src\main\AndroidManifest.xml
INJECTED from src\main\AndroidManifest.xml
MERGED from [com.android.support:cardview-v7:27.1.1] AndroidManifest.xml:20:5-44
MERGED from [com.android.support:cardview-v7:27.1.1] AndroidManifest.xml:20:5-44
MERGED from [com.patrickpissurno:ripple-effect:1.3.1] AndroidManifest.xml:8:5-10:41
MERGED from [com.patrickpissurno:ripple-effect:1.3.1] AndroidManifest.xml:8:5-10:41
MERGED from [com.amitshekhar.android:android-networking:1.0.2] AndroidManifest.xml:23:5-25:41
MERGED from [com.amitshekhar.android:android-networking:1.0.2] AndroidManifest.xml:23:5-25:41
MERGED from [com.weiwangcn.betterspinner:library:1.1.0] AndroidManifest.xml:7:5-9:41
MERGED from [com.weiwangcn.betterspinner:library:1.1.0] AndroidManifest.xml:7:5-9:41
MERGED from [com.weiwangcn.betterspinner:library-material:1.1.0] AndroidManifest.xml:7:5-9:41
MERGED from [com.weiwangcn.betterspinner:library-material:1.1.0] AndroidManifest.xml:7:5-9:41
MERGED from [com.android.support:design:27.1.1] AndroidManifest.xml:20:5-44
MERGED from [com.android.support:design:27.1.1] AndroidManifest.xml:20:5-44
MERGED from [com.stepstone.apprating:app-rating:2.3.0] AndroidManifest.xml:7:5-9:41
MERGED from [com.stepstone.apprating:app-rating:2.3.0] AndroidManifest.xml:7:5-9:41
MERGED from [com.rengwuxian.materialedittext:library:2.0.3] AndroidManifest.xml:6:5-8:41
MERGED from [com.rengwuxian.materialedittext:library:2.0.3] AndroidManifest.xml:6:5-8:41
MERGED from [com.android.support:appcompat-v7:27.1.1] AndroidManifest.xml:20:5-44
MERGED from [com.android.support:appcompat-v7:27.1.1] AndroidManifest.xml:20:5-44
MERGED from [com.android.support.constraint:constraint-layout:1.1.3] AndroidManifest.xml:5:5-7:41
MERGED from [com.android.support.constraint:constraint-layout:1.1.3] AndroidManifest.xml:5:5-7:41
MERGED from [com.jakewharton:butterknife:8.8.1] AndroidManifest.xml:5:5-43
MERGED from [com.jakewharton:butterknife:8.8.1] AndroidManifest.xml:5:5-43
MERGED from [com.android.support:recyclerview-v7:27.1.1] AndroidManifest.xml:20:5-44
MERGED from [com.android.support:recyclerview-v7:27.1.1] AndroidManifest.xml:20:5-44
MERGED from [com.android.support:transition:27.1.1] AndroidManifest.xml:20:5-44
MERGED from [com.android.support:transition:27.1.1] AndroidManifest.xml:20:5-44
MERGED from [com.android.support:support-v4:27.1.1] AndroidManifest.xml:20:5-44
MERGED from [com.android.support:support-v4:27.1.1] AndroidManifest.xml:20:5-44
MERGED from [com.android.support:support-media-compat:27.1.1] AndroidManifest.xml:20:5-44
MERGED from [com.android.support:support-media-compat:27.1.1] AndroidManifest.xml:20:5-44
MERGED from [com.android.support:support-fragment:27.1.1] AndroidManifest.xml:20:5-44
MERGED from [com.android.support:support-fragment:27.1.1] AndroidManifest.xml:20:5-44
MERGED from [com.android.support:animated-vector-drawable:27.1.1] AndroidManifest.xml:20:5-44
MERGED from [com.android.support:animated-vector-drawable:27.1.1] AndroidManifest.xml:20:5-44
MERGED from [com.android.support:support-core-ui:27.1.1] AndroidManifest.xml:20:5-44
MERGED from [com.android.support:support-core-ui:27.1.1] AndroidManifest.xml:20:5-44
MERGED from [com.android.support:support-core-utils:27.1.1] AndroidManifest.xml:20:5-44
MERGED from [com.android.support:support-core-utils:27.1.1] AndroidManifest.xml:20:5-44
MERGED from [com.android.support:support-vector-drawable:27.1.1] AndroidManifest.xml:20:5-44
MERGED from [com.android.support:support-vector-drawable:27.1.1] AndroidManifest.xml:20:5-44
MERGED from [com.android.support:support-compat:27.1.1] AndroidManifest.xml:20:5-44
MERGED from [com.android.support:support-compat:27.1.1] AndroidManifest.xml:20:5-44
MERGED from [android.arch.lifecycle:livedata-core:1.1.0] AndroidManifest.xml:20:5-44
MERGED from [android.arch.lifecycle:livedata-core:1.1.0] AndroidManifest.xml:20:5-44
MERGED from [android.arch.lifecycle:viewmodel:1.1.0] AndroidManifest.xml:20:5-44
MERGED from [android.arch.lifecycle:viewmodel:1.1.0] AndroidManifest.xml:20:5-44
MERGED from [android.arch.lifecycle:runtime:1.1.0] AndroidManifest.xml:20:5-44
MERGED from [android.arch.lifecycle:runtime:1.1.0] AndroidManifest.xml:20:5-44
MERGED from [android.arch.core:runtime:1.1.0] AndroidManifest.xml:20:5-44
MERGED from [android.arch.core:runtime:1.1.0] AndroidManifest.xml:20:5-44
INJECTED from src\main\AndroidManifest.xml
INJECTED from src\main\AndroidManifest.xml
	android:targetSdkVersion
		INJECTED from src\main\AndroidManifest.xml
		ADDED from src\main\AndroidManifest.xml
		INJECTED from src\main\AndroidManifest.xml
	android:minSdkVersion
		INJECTED from src\main\AndroidManifest.xml
		ADDED from src\main\AndroidManifest.xml
		INJECTED from src\main\AndroidManifest.xml